This is pdfTeX, Version 3.141592653-2.6-1.40.24 (MiKTeX 22.1) (preloaded format=pdflatex 2024.9.9)  24 MAR 2025 14:36
entering extended mode
 restricted \write18 enabled.
 file:line:error style messages enabled.
 %&-line parsing enabled.
**/Users/leonpetrinos/Desktop/McGill/Winter/COMP-421/PaintStoreDB/project3/project3.tex
(/Users/leonpetrinos/Desktop/McGill/Winter/COMP-421/PaintStoreDB/project3/project3.tex
LaTeX2e <2024-06-01> patch level 2
L3 programming layer <2024-08-16>
(/Users/leonpetrinos/Library/Application Support/MiKTeX/texmfs/install/tex/latex/base/article.cls
Document Class: article 2024/02/08 v1.4n Standard LaTeX document class
(/Users/leonpetrinos/Library/Application Support/MiKTeX/texmfs/install/tex/latex/base/size11.clo
File: size11.clo 2024/02/08 v1.4n Standard LaTeX file (size option)
)
\c@part=\count194
\c@section=\count195
\c@subsection=\count196
\c@subsubsection=\count197
\c@paragraph=\count198
\c@subparagraph=\count199
\c@figure=\count266
\c@table=\count267
\abovecaptionskip=\skip49
\belowcaptionskip=\skip50
\bibindent=\dimen141
) (/Users/leonpetrinos/Library/Application Support/MiKTeX/texmfs/install/tex/latex/listings/listings.sty (/Users/leonpetrinos/Library/Application Support/MiKTeX/texmfs/install/tex/latex/graphics/keyval.sty
Package: keyval 2022/05/29 v1.15 key=value parser (DPC)
\KV@toks@=\toks17
)
\lst@mode=\count268
\lst@gtempboxa=\box52
\lst@token=\toks18
\lst@length=\count269
\lst@currlwidth=\dimen142
\lst@column=\count270
\lst@pos=\count271
\lst@lostspace=\dimen143
\lst@width=\dimen144
\lst@newlines=\count272
\lst@lineno=\count273
\lst@maxwidth=\dimen145
 (/Users/leonpetrinos/Library/Application Support/MiKTeX/texmfs/install/tex/latex/listings/lstpatch.sty
File: lstpatch.sty 2024/05/25 1.10b (Carsten Heinz)
) (/Users/leonpetrinos/Library/Application Support/MiKTeX/texmfs/install/tex/latex/listings/lstmisc.sty
File: lstmisc.sty 2024/05/25 1.10b (Carsten Heinz)
\c@lstnumber=\count274
\lst@skipnumbers=\count275
\lst@framebox=\box53
) (/Users/leonpetrinos/Library/Application Support/MiKTeX/texmfs/install/tex/latex/listings/listings.cfg
File: listings.cfg 2024/05/25 1.10b listings configuration
))
Package: listings 2024/05/25 1.10b (Carsten Heinz)
 (/Users/leonpetrinos/Library/Application Support/MiKTeX/texmfs/install/tex/latex/listings/lstlang1.sty
File: lstlang1.sty 2024/05/25 1.10b listings language file
) (/Users/leonpetrinos/Library/Application Support/MiKTeX/texmfs/install/tex/latex/placeins/placeins.sty
Package: placeins 2005/04/18  v 2.2
) (/Users/leonpetrinos/Library/Application Support/MiKTeX/texmfs/install/tex/latex/float/float.sty
Package: float 2001/11/08 v1.3d Float enhancements (AL)
\c@float@type=\count276
\float@exts=\toks19
\float@box=\box54
\@float@everytoks=\toks20
\@floatcapt=\box55
) (/Users/leonpetrinos/Library/Application Support/MiKTeX/texmfs/install/tex/latex/caption/caption.sty
Package: caption 2023/08/05 v3.6o Customizing captions (AR)
 (/Users/leonpetrinos/Library/Application Support/MiKTeX/texmfs/install/tex/latex/caption/caption3.sty
Package: caption3 2023/07/31 v2.4d caption3 kernel (AR)
\caption@tempdima=\dimen146
\captionmargin=\dimen147
\caption@leftmargin=\dimen148
\caption@rightmargin=\dimen149
\caption@width=\dimen150
\caption@indent=\dimen151
\caption@parindent=\dimen152
\caption@hangindent=\dimen153
Package caption Info: Standard document class detected.
)
\c@caption@flags=\count277
\c@continuedfloat=\count278
Package caption Info: float package is loaded.
Package caption Info: listings package is loaded.
) (/Users/leonpetrinos/Library/Application Support/MiKTeX/texmfs/install/tex/latex/base/inputenc.sty
Package: inputenc 2024/02/08 v1.3d Input encoding file
\inpenc@prehook=\toks21
\inpenc@posthook=\toks22
) (/Users/leonpetrinos/Library/Application Support/MiKTeX/texmfs/install/tex/latex/amsmath/amsmath.sty
Package: amsmath 2024/05/23 v2.17q AMS math features
\@mathmargin=\skip51

For additional information on amsmath, use the `?' option.
(/Users/leonpetrinos/Library/Application Support/MiKTeX/texmfs/install/tex/latex/amsmath/amstext.sty
Package: amstext 2021/08/26 v2.01 AMS text
 (/Users/leonpetrinos/Library/Application Support/MiKTeX/texmfs/install/tex/latex/amsmath/amsgen.sty
File: amsgen.sty 1999/11/30 v2.0 generic functions
\@emptytoks=\toks23
\ex@=\dimen154
)) (/Users/leonpetrinos/Library/Application Support/MiKTeX/texmfs/install/tex/latex/amsmath/amsbsy.sty
Package: amsbsy 1999/11/29 v1.2d Bold Symbols
\pmbraise@=\dimen155
) (/Users/leonpetrinos/Library/Application Support/MiKTeX/texmfs/install/tex/latex/amsmath/amsopn.sty
Package: amsopn 2022/04/08 v2.04 operator names
)
\inf@bad=\count279
LaTeX Info: Redefining \frac on input line 233.
\uproot@=\count280
\leftroot@=\count281
LaTeX Info: Redefining \overline on input line 398.
LaTeX Info: Redefining \colon on input line 409.
\classnum@=\count282
\DOTSCASE@=\count283
LaTeX Info: Redefining \ldots on input line 495.
LaTeX Info: Redefining \dots on input line 498.
LaTeX Info: Redefining \cdots on input line 619.
\Mathstrutbox@=\box56
\strutbox@=\box57
LaTeX Info: Redefining \big on input line 721.
LaTeX Info: Redefining \Big on input line 722.
LaTeX Info: Redefining \bigg on input line 723.
LaTeX Info: Redefining \Bigg on input line 724.
\big@size=\dimen156
LaTeX Font Info:    Redeclaring font encoding OML on input line 742.
LaTeX Font Info:    Redeclaring font encoding OMS on input line 743.
\macc@depth=\count284
LaTeX Info: Redefining \bmod on input line 904.
LaTeX Info: Redefining \pmod on input line 909.
LaTeX Info: Redefining \smash on input line 939.
LaTeX Info: Redefining \relbar on input line 969.
LaTeX Info: Redefining \Relbar on input line 970.
\c@MaxMatrixCols=\count285
\dotsspace@=\muskip17
\c@parentequation=\count286
\dspbrk@lvl=\count287
\tag@help=\toks24
\row@=\count288
\column@=\count289
\maxfields@=\count290
\andhelp@=\toks25
\eqnshift@=\dimen157
\alignsep@=\dimen158
\tagshift@=\dimen159
\tagwidth@=\dimen160
\totwidth@=\dimen161
\lineht@=\dimen162
\@envbody=\toks26
\multlinegap=\skip52
\multlinetaggap=\skip53
\mathdisplay@stack=\toks27
LaTeX Info: Redefining \[ on input line 2953.
LaTeX Info: Redefining \] on input line 2954.
) (/Users/leonpetrinos/Library/Application Support/MiKTeX/texmfs/install/tex/latex/graphics/graphicx.sty
Package: graphicx 2021/09/16 v1.2d Enhanced LaTeX Graphics (DPC,SPQR)
 (/Users/leonpetrinos/Library/Application Support/MiKTeX/texmfs/install/tex/latex/graphics/graphics.sty
Package: graphics 2024/05/23 v1.4g Standard LaTeX Graphics (DPC,SPQR)
 (/Users/leonpetrinos/Library/Application Support/MiKTeX/texmfs/install/tex/latex/graphics/trig.sty
Package: trig 2023/12/02 v1.11 sin cos tan (DPC)
) (/Users/leonpetrinos/Library/Application Support/MiKTeX/texmfs/install/tex/latex/graphics-cfg/graphics.cfg
File: graphics.cfg 2016/06/04 v1.11 sample graphics configuration
)
Package graphics Info: Driver file: pdftex.def on input line 106.
 (/Users/leonpetrinos/Library/Application Support/MiKTeX/texmfs/install/tex/latex/graphics-def/pdftex.def
File: pdftex.def 2024/04/13 v1.2c Graphics/color driver for pdftex
))
\Gin@req@height=\dimen163
\Gin@req@width=\dimen164
) (/Users/leonpetrinos/Library/Application Support/MiKTeX/texmfs/install/tex/latex/geometry/geometry.sty
Package: geometry 2020/01/02 v5.9 Page Geometry
 (/Users/leonpetrinos/Library/Application Support/MiKTeX/texmfs/install/tex/generic/iftex/ifvtex.sty
Package: ifvtex 2019/10/25 v1.7 ifvtex legacy package. Use iftex instead.
 (/Users/leonpetrinos/Library/Application Support/MiKTeX/texmfs/install/tex/generic/iftex/iftex.sty
Package: iftex 2022/02/03 v1.0f TeX engine tests
))
\Gm@cnth=\count291
\Gm@cntv=\count292
\c@Gm@tempcnt=\count293
\Gm@bindingoffset=\dimen165
\Gm@wd@mp=\dimen166
\Gm@odd@mp=\dimen167
\Gm@even@mp=\dimen168
\Gm@layoutwidth=\dimen169
\Gm@layoutheight=\dimen170
\Gm@layouthoffset=\dimen171
\Gm@layoutvoffset=\dimen172
\Gm@dimlist=\toks28
 (/Users/leonpetrinos/Library/Application Support/MiKTeX/texmfs/install/tex/latex/geometry/geometry.cfg)) (/Users/leonpetrinos/Library/Application Support/MiKTeX/texmfs/install/tex/latex/enumitem/enumitem.sty
Package: enumitem 2019/06/20 v3.9 Customized lists
\labelindent=\skip54
\enit@outerparindent=\dimen173
\enit@toks=\toks29
\enit@inbox=\box58
\enit@count@id=\count294
\enitdp@description=\count295
) (/Users/leonpetrinos/Library/Application Support/MiKTeX/texmfs/install/tex/latex/l3backend/l3backend-pdftex.def
File: l3backend-pdftex.def 2024-05-08 L3 backend support: PDF output (pdfTeX)
\l__color_backend_stack_int=\count296
\l__pdf_internal_box=\box59
) (project3.aux)
\openout1 = `project3.aux'.

LaTeX Font Info:    Checking defaults for OML/cmm/m/it on input line 27.
LaTeX Font Info:    ... okay on input line 27.
LaTeX Font Info:    Checking defaults for OMS/cmsy/m/n on input line 27.
LaTeX Font Info:    ... okay on input line 27.
LaTeX Font Info:    Checking defaults for OT1/cmr/m/n on input line 27.
LaTeX Font Info:    ... okay on input line 27.
LaTeX Font Info:    Checking defaults for T1/cmr/m/n on input line 27.
LaTeX Font Info:    ... okay on input line 27.
LaTeX Font Info:    Checking defaults for TS1/cmr/m/n on input line 27.
LaTeX Font Info:    ... okay on input line 27.
LaTeX Font Info:    Checking defaults for OMX/cmex/m/n on input line 27.
LaTeX Font Info:    ... okay on input line 27.
LaTeX Font Info:    Checking defaults for U/cmr/m/n on input line 27.
LaTeX Font Info:    ... okay on input line 27.
\c@lstlisting=\count297
Package caption Info: Begin \AtBeginDocument code.
Package caption Info: End \AtBeginDocument code.
 (/Users/leonpetrinos/Library/Application Support/MiKTeX/texmfs/install/tex/context/base/mkii/supp-pdf.mkii
[Loading MPS to PDF converter (version 2006.09.02).]
\scratchcounter=\count298
\scratchdimen=\dimen174
\scratchbox=\box60
\nofMPsegments=\count299
\nofMParguments=\count300
\everyMPshowfont=\toks30
\MPscratchCnt=\count301
\MPscratchDim=\dimen175
\MPnumerator=\count302
\makeMPintoPDFobject=\count303
\everyMPtoPDFconversion=\toks31
) (/Users/leonpetrinos/Library/Application Support/MiKTeX/texmfs/install/tex/latex/epstopdf-pkg/epstopdf-base.sty
Package: epstopdf-base 2020-01-24 v2.11 Base part for package epstopdf
Package epstopdf-base Info: Redefining graphics rule for `.eps' on input line 485.
 (/Users/leonpetrinos/Library/Application Support/MiKTeX/texmfs/install/tex/latex/00miktex/epstopdf-sys.cfg
File: epstopdf-sys.cfg 2021/03/18 v2.0 Configuration of epstopdf for MiKTeX
))
*geometry* driver: auto-detecting
*geometry* detected driver: pdftex
*geometry* verbose mode - [ preamble ] result:
* driver: pdftex
* paper: a4paper
* layout: <same size as paper>
* layoutoffset:(h,v)=(0.0pt,0.0pt)
* modes: 
* h-part:(L,W,R)=(72.26999pt, 452.9679pt, 72.26999pt)
* v-part:(T,H,B)=(72.26999pt, 700.50687pt, 72.26999pt)
* \paperwidth=597.50787pt
* \paperheight=845.04684pt
* \textwidth=452.9679pt
* \textheight=700.50687pt
* \oddsidemargin=0.0pt
* \evensidemargin=0.0pt
* \topmargin=-37.0pt
* \headheight=12.0pt
* \headsep=25.0pt
* \topskip=11.0pt
* \footskip=30.0pt
* \marginparwidth=50.0pt
* \marginparsep=10.0pt
* \columnsep=10.0pt
* \skip\footins=10.0pt plus 4.0pt minus 2.0pt
* \hoffset=0.0pt
* \voffset=0.0pt
* \mag=1000
* \@twocolumnfalse
* \@twosidefalse
* \@mparswitchfalse
* \@reversemarginfalse
* (1in=72.27pt=25.4mm, 1cm=28.453pt)



[1

{/Users/leonpetrinos/Library/Application Support/MiKTeX/texmfs/data/fonts/map/pdftex/pdftex.map}]
LaTeX Font Info:    Trying to load font information for OML+cmr on input line 76.
 (/Users/leonpetrinos/Library/Application Support/MiKTeX/texmfs/install/tex/latex/base/omlcmr.fd
File: omlcmr.fd 2023/04/13 v2.5m Standard LaTeX font definitions
)
LaTeX Font Info:    Font shape `OML/cmr/m/n' in size <10> not available
(Font)              Font shape `OML/cmm/m/it' tried instead on input line 76.


[2]
<images/call_to_procedure.png, id=16, 525.965pt x 81.30376pt>
File: images/call_to_procedure.png Graphic file (type png)
<use images/call_to_procedure.png>
Package pdftex.def Info: images/call_to_procedure.png  used on input line 120.
(pdftex.def)             Requested size: 452.9679pt x 70.02281pt.
<images/products_before.png, id=19, 653.44125pt x 596.2275pt>
File: images/products_before.png Graphic file (type png)
<use images/products_before.png>
Package pdftex.def Info: images/products_before.png  used on input line 122.
(pdftex.def)             Requested size: 452.9679pt x 413.30794pt.
<images/updated_table_after_procedure_call.png, id=21, 836.12375pt x 721.69624pt>
File: images/updated_table_after_procedure_call.png Graphic file (type png)
<use images/updated_table_after_procedure_call.png>
Package pdftex.def Info: images/updated_table_after_procedure_call.png  used on input line 124.
(pdftex.def)             Requested size: 452.9679pt x 390.98758pt.


[3 <./images/call_to_procedure.png> <./images/products_before.png>]
<images/menu.png, id=30, 713.66624pt x 256.96pt>
File: images/menu.png Graphic file (type png)
<use images/menu.png>
Package pdftex.def Info: images/menu.png  used on input line 129.
(pdftex.def)             Requested size: 407.66833pt x 146.78238pt.
<images/menu_option_1_1.png, id=31, 648.4225pt x 226.8475pt>
File: images/menu_option_1_1.png Graphic file (type png)
<use images/menu_option_1_1.png>
Package pdftex.def Info: images/menu_option_1_1.png  used on input line 135.
(pdftex.def)             Requested size: 407.66833pt x 142.62392pt.
<images/menu_option_1_2.png, id=32, 499.8675pt x 344.28625pt>
File: images/menu_option_1_2.png Graphic file (type png)
<use images/menu_option_1_2.png>
Package pdftex.def Info: images/menu_option_1_2.png  used on input line 137.
(pdftex.def)             Requested size: 407.66833pt x 280.79306pt.


[4 <./images/updated_table_after_procedure_call.png> <./images/menu.png>]
<images/menu_option_2_1.png, id=39, 626.34pt x 223.83624pt>
File: images/menu_option_2_1.png Graphic file (type png)
<use images/menu_option_2_1.png>
Package pdftex.def Info: images/menu_option_2_1.png  used on input line 139.
(pdftex.def)             Requested size: 407.66833pt x 145.69334pt.
<images/menu_option_2_2.png, id=40, 415.5525pt x 151.56625pt>
File: images/menu_option_2_2.png Graphic file (type png)
<use images/menu_option_2_2.png>
Package pdftex.def Info: images/menu_option_2_2.png  used on input line 142.
(pdftex.def)             Requested size: 407.66833pt x 148.69579pt.


[5 <./images/menu_option_1_1.png> <./images/menu_option_1_2.png> <./images/menu_option_2_1.png>]
<images/menu_option_3_1.png, id=47, 691.58376pt x 239.89626pt>
File: images/menu_option_3_1.png Graphic file (type png)
<use images/menu_option_3_1.png>
Package pdftex.def Info: images/menu_option_3_1.png  used on input line 144.
(pdftex.def)             Requested size: 407.66833pt x 141.4131pt.
<images/menu_option_3_2.png, id=48, 1361.085pt x 229.85875pt>
File: images/menu_option_3_2.png Graphic file (type png)
<use images/menu_option_3_2.png>
Package pdftex.def Info: images/menu_option_3_2.png  used on input line 147.
(pdftex.def)             Requested size: 407.66833pt x 68.84592pt.
<images/menu_option_4_1.png, id=49, 635.37375pt x 243.91125pt>
File: images/menu_option_4_1.png Graphic file (type png)
<use images/menu_option_4_1.png>
Package pdftex.def Info: images/menu_option_4_1.png  used on input line 149.
(pdftex.def)             Requested size: 407.66833pt x 156.50461pt.
<images/menu_option_4_2.png, id=50, 514.92375pt x 151.56625pt>
File: images/menu_option_4_2.png Graphic file (type png)
<use images/menu_option_4_2.png>
Package pdftex.def Info: images/menu_option_4_2.png  used on input line 152.
(pdftex.def)             Requested size: 407.66833pt x 119.99966pt.


[6 <./images/menu_option_2_2.png> <./images/menu_option_3_1.png> <./images/menu_option_3_2.png> <./images/menu_option_4_1.png>]
<images/menu_option_5_1.png, id=58, 679.53876pt x 227.85126pt>
File: images/menu_option_5_1.png Graphic file (type png)
<use images/menu_option_5_1.png>
Package pdftex.def Info: images/menu_option_5_1.png  used on input line 154.
(pdftex.def)             Requested size: 407.66833pt x 136.69093pt.
<images/menu_option_5_2.png, id=59, 724.7075pt x 237.88875pt>
File: images/menu_option_5_2.png Graphic file (type png)
<use images/menu_option_5_2.png>
Package pdftex.def Info: images/menu_option_5_2.png  used on input line 158.
(pdftex.def)             Requested size: 407.66833pt x 133.81934pt.
<images/menu_option_6_1.png, id=60, 647.41875pt x 256.96pt>
File: images/menu_option_6_1.png Graphic file (type png)
<use images/menu_option_6_1.png>
Package pdftex.def Info: images/menu_option_6_1.png  used on input line 160.
(pdftex.def)             Requested size: 407.66833pt x 161.80331pt.
<images/menu_option_6_2.png, id=61, 532.99126pt x 324.21124pt>
File: images/menu_option_6_2.png Graphic file (type png)
<use images/menu_option_6_2.png>
Package pdftex.def Info: images/menu_option_6_2.png  used on input line 162.
(pdftex.def)             Requested size: 407.66833pt x 247.98616pt.


[7 <./images/menu_option_4_2.png> <./images/menu_option_5_1.png> <./images/menu_option_5_2.png> <./images/menu_option_6_1.png>]
<images/menu_option_7_1.png, id=70, 635.37375pt x 242.9075pt>
File: images/menu_option_7_1.png Graphic file (type png)
<use images/menu_option_7_1.png>
Package pdftex.def Info: images/menu_option_7_1.png  used on input line 164.
(pdftex.def)             Requested size: 407.66833pt x 155.86055pt.
<images/menu_option_7_2.png, id=71, 1499.6025pt x 340.27126pt>
File: images/menu_option_7_2.png Graphic file (type png)
<use images/menu_option_7_2.png>
Package pdftex.def Info: images/menu_option_7_2.png  used on input line 166.
(pdftex.def)             Requested size: 407.66833pt x 92.5027pt.
<images/idx1.png, id=72, 867.24pt x 55.20625pt>
File: images/idx1.png Graphic file (type png)
<use images/idx1.png>
Package pdftex.def Info: images/idx1.png  used on input line 174.
(pdftex.def)             Requested size: 407.66833pt x 25.95114pt.


[8 <./images/menu_option_6_2.png> <./images/menu_option_7_1.png> <./images/menu_option_7_2.png> <./images/idx1.png>]
<images/idx2.png, id=80, 867.24pt x 55.20625pt>
File: images/idx2.png Graphic file (type png)
<use images/idx2.png>
Package pdftex.def Info: images/idx2.png  used on input line 188.
(pdftex.def)             Requested size: 407.66833pt x 25.95114pt.


[9 <./images/idx2.png>] (project3.aux)
 ***********
LaTeX2e <2024-06-01> patch level 2
L3 programming layer <2024-08-16>
 ***********
 ) 
Here is how much of TeX's memory you used:
 6433 strings out of 475833
 106359 string characters out of 2775593
 2134957 words of memory out of 3000000
 29026 multiletter control sequences out of 15000+600000
 565122 words of font info for 60 fonts, out of 8000000 for 9000
 0 hyphenation exceptions out of 8191
 57i,6n,65p,480b,1953s stack positions out of 5000i,500n,10000p,200000b,80000s
 </Users/leonpetrinos/Library/Application Support/MiKTeX/texmfs/data/fonts/pk/ljfour/jknappen/ec/dpi600/tcrm1000.pk> </Users/leonpetrinos/Library/Application Support/MiKTeX/texmfs/data/fonts/pk/ljfour/jknappen/ec/dpi600/tcrm1095.pk></Users/leonpetrinos/Library/Application Support/MiKTeX/texmfs/install/fonts/type1/public/amsfonts/cm/cmbx10.pfb></Users/leonpetrinos/Library/Application Support/MiKTeX/texmfs/install/fonts/type1/public/amsfonts/cm/cmbx12.pfb></Users/leonpetrinos/Library/Application Support/MiKTeX/texmfs/install/fonts/type1/public/amsfonts/cm/cmmi10.pfb></Users/leonpetrinos/Library/Application Support/MiKTeX/texmfs/install/fonts/type1/public/amsfonts/cm/cmr10.pfb></Users/leonpetrinos/Library/Application Support/MiKTeX/texmfs/install/fonts/type1/public/amsfonts/cm/cmr12.pfb></Users/leonpetrinos/Library/Application Support/MiKTeX/texmfs/install/fonts/type1/public/amsfonts/cm/cmr17.pfb>
Output written on project3.pdf (9 pages, 1054208 bytes).
PDF statistics:
 119 PDF objects out of 1000 (max. 8388607)
 0 named destinations out of 1000 (max. 500000)
 119 words of extra memory for PDF output out of 10000 (max. 10000000)

