(c) Copyright IBM Corporation 1993,2007
Command Line Processor for DB2 Client 11.5.9.0

You can issue database manager commands and SQL statements from the command 
prompt. For example:
    db2 => connect to sample
    db2 => bind sample.bnd

For general help, type: ?.
For command help, type: ? command, where command can be
the first few keywords of a database manager command. For example:
 ? CATALOG DATABASE for help on the CATALOG DATABASE command
 ? CATALOG          for help on all of the CATALOG commands.

To exit db2 interactive mode, type QUIT at the command prompt. Outside 
interactive mode, all commands must be prefixed with 'db2'.
To list the current command option settings, type LIST COMMAND OPTIONS.

For more detailed help, refer to the Online Reference Manual.

db2 => db2 => db2 => db2 => db2 => CONNECT TO COMP421

   Database Connection Information

 Database server        = DB2/LINUXX8664 11.5.9.0
 SQL authorization ID   = CS421G02
 Local database alias   = COMP421


db2 => db2 => db2 => db2 => db2 => db2 => db2 => db2 (cont.) => db2 (cont.) => db2 (cont.) => db2 (cont.) => db2 (cont.) => db2 (cont.) => db2 (cont.) => CREATE TABLE STORE ( s_id         INTEGER NOT NULL, s_address    VARCHAR(50) NOT NULL, phone_number CHAR(10), manager_id   INTEGER NOT NULL UNIQUE, PRIMARY KEY(s_id) )
DB20000I  The SQL command completed successfully.

db2 => db2 => db2 (cont.) => db2 (cont.) => db2 (cont.) => db2 (cont.) => db2 (cont.) => db2 (cont.) => db2 (cont.) => CREATE TABLE EMPLOYEE ( e_id   INTEGER NOT NULL, e_name VARCHAR(50), s_id   INTEGER, PRIMARY KEY(e_id), FOREIGN KEY(s_id) REFERENCES STORE(s_id) )
DB20000I  The SQL command completed successfully.

db2 => db2 => db2 => db2 (cont.) => ALTER TABLE STORE ADD CONSTRAINT FK_store_manager FOREIGN KEY(manager_id) REFERENCES EMPLOYEE(e_id)
DB20000I  The SQL command completed successfully.

db2 => db2 => db2 (cont.) => db2 (cont.) => db2 (cont.) => db2 (cont.) => db2 (cont.) => CREATE TABLE MANUFACTURER ( m_id   INTEGER NOT NULL, m_name VARCHAR(50), PRIMARY KEY(m_id) )
DB20000I  The SQL command completed successfully.

db2 => db2 => db2 (cont.) => db2 (cont.) => db2 (cont.) => db2 (cont.) => db2 (cont.) => db2 (cont.) => db2 (cont.) => db2 (cont.) => db2 (cont.) => db2 (cont.) => CREATE TABLE PRODUCT ( p_id                 INTEGER NOT NULL, p_name               VARCHAR(50) NOT NULL, unit_price           DECIMAL(5, 2) NOT NULL, description          VARCHAR(200), discount_pourcentage INTEGER, m_id                 INTEGER NOT NULL, PRIMARY KEY(p_id), FOREIGN KEY(m_id) REFERENCES MANUFACTURER(m_id) )
DB20000I  The SQL command completed successfully.

db2 => db2 => db2 (cont.) => db2 (cont.) => db2 (cont.) => db2 (cont.) => db2 (cont.) => db2 (cont.) => db2 (cont.) => CREATE TABLE PAINT ( p_id  INTEGER NOT NULL, base  VARCHAR(50), color VARCHAR(50), PRIMARY KEY(p_id), FOREIGN KEY(p_id) REFERENCES PRODUCT(p_id) )
DB20000I  The SQL command completed successfully.

db2 => db2 => db2 (cont.) => db2 (cont.) => db2 (cont.) => db2 (cont.) => db2 (cont.) => db2 (cont.) => CREATE TABLE TOOL ( p_id INTEGER NOT NULL, type VARCHAR(50), PRIMARY KEY(p_id), FOREIGN KEY(p_id) REFERENCES PRODUCT(p_id) )
DB20000I  The SQL command completed successfully.

db2 => db2 => db2 (cont.) => db2 (cont.) => db2 (cont.) => db2 (cont.) => db2 (cont.) => db2 (cont.) => db2 (cont.) => db2 (cont.) => CREATE TABLE HAS_IN_STOCK ( p_id     INTEGER NOT NULL, s_id     INTEGER NOT NULL, quantity INTEGER NOT NULL CHECK(quantity >= 0), PRIMARY KEY(p_id, s_id), FOREIGN KEY(p_id) REFERENCES PRODUCT(p_id), FOREIGN KEY(s_id) REFERENCES STORE(s_id) )
DB20000I  The SQL command completed successfully.

db2 => db2 => db2 (cont.) => db2 (cont.) => db2 (cont.) => db2 (cont.) => db2 (cont.) => db2 (cont.) => CREATE TABLE CUSTOMER ( email     VARCHAR(50) NOT NULL, c_name    VARCHAR(50), c_address VARCHAR(50) NOT NULL, PRIMARY KEY(email) )
DB20000I  The SQL command completed successfully.

db2 => db2 => db2 (cont.) => db2 (cont.) => db2 (cont.) => db2 (cont.) => db2 (cont.) => db2 (cont.) => db2 (cont.) => CREATE TABLE PURCHASE ( p_id     INTEGER NOT NULL, amount   DECIMAL(5, 2) NOT NULL, p_date   DATE NOT NULL, p_time   TIME NOT NULL, PRIMARY KEY(p_id) )
DB20000I  The SQL command completed successfully.

db2 => db2 => db2 (cont.) => db2 (cont.) => db2 (cont.) => db2 (cont.) => db2 (cont.) => db2 (cont.) => db2 (cont.) => db2 (cont.) => CREATE TABLE CONTAINS_PURCHASE ( purchase_id INTEGER NOT NULL, product_id  INTEGER NOT NULL, quantity    INTEGER NOT NULL CHECK(quantity >= 0), PRIMARY KEY(purchase_id, product_id), FOREIGN KEY(purchase_id) REFERENCES PURCHASE(p_id), FOREIGN KEY(product_id) REFERENCES PRODUCT(p_id) )
DB20000I  The SQL command completed successfully.

db2 => db2 => db2 (cont.) => db2 (cont.) => db2 (cont.) => db2 (cont.) => db2 (cont.) => db2 (cont.) => db2 (cont.) => CREATE TABLE INSTORE ( p_id INTEGER NOT NULL, e_id INTEGER NOT NULL, PRIMARY KEY(p_id), FOREIGN KEY(p_id) REFERENCES PURCHASE(p_id), FOREIGN KEY(e_id) REFERENCES EMPLOYEE(e_id) )
DB20000I  The SQL command completed successfully.

db2 => db2 => db2 (cont.) => db2 (cont.) => db2 (cont.) => db2 (cont.) => db2 (cont.) => db2 (cont.) => db2 (cont.) => db2 (cont.) => db2 (cont.) => CREATE TABLE ONLINE ( p_id   INTEGER NOT NULL, rating INTEGER CHECK(rating >= 0 AND rating <= 5 OR rating IS NULL), delivery_fee DECIMAL(5, 2) NOT NULL, email  VARCHAR(50) NOT NULL, PRIMARY KEY(p_id), FOREIGN KEY(p_id) REFERENCES PURCHASE(p_id), FOREIGN KEY(email) REFERENCES CUSTOMER(email) )
DB20000I  The SQL command completed successfully.

db2 => 